Using pre-set license
Built from '2021.2/china_unity/release' branch; Version is '2021.2.12f1c1 (bbcff354d633) revision 12308467'; Using compiler version '192829333'; Build Type 'Release'
OS: 'Windows 10  (10.0.19044) 64bit Education' Language: 'zh' Physical Memory: 16302 MB
BatchMode: 1, IsHumanControllingUs: 0, StartBugReporterOnCrash: 0, Is64bit: 1, IsPro: 0

COMMAND LINE ARGUMENTS:
D:\Unity\2021.2.12f1c1\Editor\Unity.exe
-adb2
-batchMode
-noUpm
-name
AssetImportWorker1
-projectPath
E:/ExtremWorld/mmorpg/Src/Client
-logFile
Logs/AssetImportWorker1.log
-srvPort
51359
Successfully changed project path to: E:/ExtremWorld/mmorpg/Src/Client
E:/ExtremWorld/mmorpg/Src/Client
[UnityMemory] Configuration Parameters - Can be set up in boot.config
    "memorysetup-bucket-allocator-granularity=16"
    "memorysetup-bucket-allocator-bucket-count=8"
    "memorysetup-bucket-allocator-block-size=33554432"
    "memorysetup-bucket-allocator-block-count=8"
    "memorysetup-main-allocator-block-size=16777216"
    "memorysetup-thread-allocator-block-size=16777216"
    "memorysetup-gfx-main-allocator-block-size=16777216"
    "memorysetup-gfx-thread-allocator-block-size=16777216"
    "memorysetup-cache-allocator-block-size=4194304"
    "memorysetup-typetree-allocator-block-size=2097152"
    "memorysetup-profiler-bucket-allocator-granularity=16"
    "memorysetup-profiler-bucket-allocator-bucket-count=8"
    "memorysetup-profiler-bucket-allocator-block-size=33554432"
    "memorysetup-profiler-bucket-allocator-block-count=8"
    "memorysetup-profiler-allocator-block-size=16777216"
    "memorysetup-profiler-editor-allocator-block-size=1048576"
    "memorysetup-temp-allocator-size-main=16777216"
    "memorysetup-job-temp-allocator-block-size=2097152"
    "memorysetup-job-temp-allocator-block-size-background=1048576"
    "memorysetup-job-temp-allocator-reduction-small-platforms=262144"
    "memorysetup-temp-allocator-size-background-worker=32768"
    "memorysetup-temp-allocator-size-job-worker=262144"
    "memorysetup-temp-allocator-size-preload-manager=33554432"
    "memorysetup-temp-allocator-size-nav-mesh-worker=65536"
    "memorysetup-temp-allocator-size-audio-worker=65536"
    "memorysetup-temp-allocator-size-cloud-worker=32768"
    "memorysetup-temp-allocator-size-gi-baking-worker=262144"
    "memorysetup-temp-allocator-size-gfx=262144"
AS: AutoStreaming module initializing.
Refreshing native plugins compatible for Editor in 89.72 ms, found 2 plugins.
Preloading 0 native plugins for Editor in 0.00 ms.
Initialize engine version: 2021.2.12f1c1 (bbcff354d633)
[Subsystems] Discovering subsystems at path D:/Unity/2021.2.12f1c1/Editor/Data/Resources/UnitySubsystems
[Subsystems] Discovering subsystems at path E:/ExtremWorld/mmorpg/Src/Client/Assets
GfxDevice: creating device client; threaded=0; jobified=0
Direct3D:
    Version:  Direct3D 11.0 [level 11.1]
    Renderer: NVIDIA GeForce GTX 965M (ID=0x1427)
    Vendor:   NVIDIA
    VRAM:     4055 MB
    Driver:   30.0.15.1215
Initialize mono
Mono path[0] = 'D:/Unity/2021.2.12f1c1/Editor/Data/Managed'
Mono path[1] = 'D:/Unity/2021.2.12f1c1/Editor/Data/MonoBleedingEdge/lib/mono/unityjit-win32'
Mono config path = 'D:/Unity/2021.2.12f1c1/Editor/Data/MonoBleedingEdge/etc'
Using monoOptions --debugger-agent=transport=dt_socket,embedding=1,server=y,suspend=n,address=127.0.0.1:56724
Begin MonoManager ReloadAssembly
Registering precompiled unity dll's ...
Register platform support module: D:/Unity/2021.2.12f1c1/Editor/Data/PlaybackEngines/WindowsStandaloneSupport/UnityEditor.WindowsStandalone.Extensions.dll
Registered in 0.006522 seconds.
Native extension for WindowsStandalone target not found
Refreshing native plugins compatible for Editor in 81.22 ms, found 2 plugins.
Preloading 0 native plugins for Editor in 0.00 ms.
Mono: successfully reloaded assembly
- Completed reload, in  1.148 seconds
Domain Reload Profiling:
	ReloadAssembly (1149ms)
		BeginReloadAssembly (127ms)
			ExecutionOrderSort (0ms)
			DisableScriptedObjects (0ms)
			BackupInstance (0ms)
			ReleaseScriptingObjects (0ms)
			CreateAndSetChildDomain (1ms)
		EndReloadAssembly (797ms)
			LoadAssemblies (122ms)
			RebuildTransferFunctionScriptingTraits (0ms)
			SetupTypeCache (203ms)
			ReleaseScriptCaches (0ms)
			RebuildScriptCaches (56ms)
			SetupLoadedEditorAssemblies (430ms)
				LogAssemblyErrors (0ms)
				InitializePlatformSupportModulesInManaged (15ms)
				SetLoadedEditorAssemblies (1ms)
				RefreshPlugins (81ms)
				BeforeProcessingInitializeOnLoad (2ms)
				ProcessInitializeOnLoadAttributes (234ms)
				ProcessInitializeOnLoadMethodAttributes (97ms)
				AfterProcessingInitializeOnLoad (0ms)
				EditorAssembliesLoaded (0ms)
			ExecutionOrderSort2 (0ms)
			AwakeInstancesAfterBackupRestoration (0ms)
Platform modules already initialized, skipping
Registering precompiled user dll's ...
Registered in 0.022797 seconds.
Begin MonoManager ReloadAssembly
Native extension for WindowsStandalone target not found
Refreshing native plugins compatible for Editor in 1.46 ms, found 2 plugins.
Preloading 0 native plugins for Editor in 0.00 ms.
Package Manager log level set to [2]
Mono: successfully reloaded assembly
- Completed reload, in  1.445 seconds
Domain Reload Profiling:
	ReloadAssembly (1446ms)
		BeginReloadAssembly (155ms)
			ExecutionOrderSort (0ms)
			DisableScriptedObjects (7ms)
			BackupInstance (0ms)
			ReleaseScriptingObjects (0ms)
			CreateAndSetChildDomain (28ms)
		EndReloadAssembly (1122ms)
			LoadAssemblies (102ms)
			RebuildTransferFunctionScriptingTraits (0ms)
			SetupTypeCache (252ms)
			ReleaseScriptCaches (0ms)
			RebuildScriptCaches (66ms)
			SetupLoadedEditorAssemblies (620ms)
				LogAssemblyErrors (0ms)
				InitializePlatformSupportModulesInManaged (5ms)
				SetLoadedEditorAssemblies (1ms)
				RefreshPlugins (2ms)
				BeforeProcessingInitializeOnLoad (90ms)
				ProcessInitializeOnLoadAttributes (355ms)
				ProcessInitializeOnLoadMethodAttributes (156ms)
				AfterProcessingInitializeOnLoad (11ms)
				EditorAssembliesLoaded (0ms)
			ExecutionOrderSort2 (0ms)
			AwakeInstancesAfterBackupRestoration (9ms)
Platform modules already initialized, skipping
========================================================================
Worker process is ready to serve import requests
Launched and connected shader compiler UnityShaderCompiler.exe after 0.13 seconds
Refreshing native plugins compatible for Editor in 1.20 ms, found 2 plugins.
Preloading 0 native plugins for Editor in 0.00 ms.
Unloading 2177 Unused Serialized files (Serialized files now loaded: 0)
Unloading 62 unused Assets / (57.2 KB). Loaded Objects now: 2623.
Memory consumption went from 97.1 MB to 97.0 MB.
Total: 7.661600 ms (FindLiveObjects: 0.293600 ms CreateObjectMapping: 0.119700 ms MarkObjects: 7.034300 ms  DeleteObjects: 0.212600 ms)

AssetImportParameters requested are different than current active one (requested -> active):
  custom:video-decoder-ogg-theora: a1e56fd34408186e4bbccfd4996cb3dc -> 
  custom:container-muxer-webm: aa71ff27fc2769a1b78a27578f13a17b -> 
  custom:container-demuxer-webm: 4f35f7cbe854078d1ac9338744f61a02 -> 
  custom:video-encoder-webm-vp8: eb34c28f22e8b96e1ab97ce403110664 -> 
  custom:audio-encoder-webm-vorbis: bf7c407c2cedff20999df2af8eb42d56 -> 
  custom:framework-win-MediaFoundation: 216162199b28c13a410421893ffa2e32 -> 
  custom:container-demuxer-ogg: 62fdf1f143b41e24485cea50d1cbac27 -> 
  custom:video-decoder-webm-vp8: 9c59270c3fd7afecdb556c50c9e8de78 -> 
  custom:audio-decoder-ogg-vorbis: bf7c407c2cedff20999df2af8eb42d56 -> 
========================================================================
Received Import Request.
  Time since last request: 2487.309942 seconds.
  path: Assets/New Terrain 1.asset
  artifactKey: Guid(762345a0c0253e34eafa45dbe39bc7ef) Importer(815301076,1909f56bfc062723c751e8b465ee728b)
Start importing Assets/New Terrain 1.asset using Guid(762345a0c0253e34eafa45dbe39bc7ef) Importer(815301076,1909f56bfc062723c751e8b465ee728b)  -> (artifact id: '4a5c77829c0040ff61e73fb825da7177') in 0.257531 seconds 
========================================================================
Received Import Request.
  Time since last request: 3236.989198 seconds.
  path: Assets/_TerrainAutoUpgrade/layer_I1_Ground_Road.(Texture)3d3aba195e4d26ee.terrainlayer
  artifactKey: Guid(aa34137dd89dd244290147a595d51964) Importer(815301076,1909f56bfc062723c751e8b465ee728b)
Start importing Assets/_TerrainAutoUpgrade/layer_I1_Ground_Road.(Texture)3d3aba195e4d26ee.terrainlayer using Guid(aa34137dd89dd244290147a595d51964) Importer(815301076,1909f56bfc062723c751e8b465ee728b)  -> (artifact id: 'fc0199f6b44339f9c45c1e9653ecb755') in 0.131439 seconds 
========================================================================
Received Import Request.
  Time since last request: 0.000100 seconds.
  path: Assets/_TerrainAutoUpgrade/layer_terrain_yewai_shitou_jiemian_02b956af97c33fc3d7.terrainlayer
  artifactKey: Guid(f758b32acd5e40448ab558b4156024bb) Importer(815301076,1909f56bfc062723c751e8b465ee728b)
Start importing Assets/_TerrainAutoUpgrade/layer_terrain_yewai_shitou_jiemian_02b956af97c33fc3d7.terrainlayer using Guid(f758b32acd5e40448ab558b4156024bb) Importer(815301076,1909f56bfc062723c751e8b465ee728b)  -> (artifact id: '277ee0271f5928d0bfd975616347a666') in 0.035461 seconds 
========================================================================
Received Import Request.
  Time since last request: 0.000040 seconds.
  path: Assets/_TerrainAutoUpgrade/layer_terrain_floor001793646612c42751.terrainlayer
  artifactKey: Guid(f36b277aa82936041b3fa9bb67723880) Importer(815301076,1909f56bfc062723c751e8b465ee728b)
Start importing Assets/_TerrainAutoUpgrade/layer_terrain_floor001793646612c42751.terrainlayer using Guid(f36b277aa82936041b3fa9bb67723880) Importer(815301076,1909f56bfc062723c751e8b465ee728b)  -> (artifact id: 'e48317ddc8d4971fdad6cd9aaffffda2') in 0.028192 seconds 
========================================================================
Received Import Request.
  Time since last request: 5.706437 seconds.
  path: Assets/UI/game_tips.png
  artifactKey: Guid(d2a8d458f2f7b4e44bfa5519330c4d1a) Importer(815301076,1909f56bfc062723c751e8b465ee728b)
Start importing Assets/UI/game_tips.png using Guid(d2a8d458f2f7b4e44bfa5519330c4d1a) Importer(815301076,1909f56bfc062723c751e8b465ee728b)  -> (artifact id: '0196bfd186bb5aac50b04c53ad7a9a4f') in 0.253972 seconds 
========================================================================
Received Import Request.
  Time since last request: 0.000035 seconds.
  path: Assets/UI/logo.png
  artifactKey: Guid(78880adcb0ab6fb45aea9f00dcd2616e) Importer(815301076,1909f56bfc062723c751e8b465ee728b)
Start importing Assets/UI/logo.png using Guid(78880adcb0ab6fb45aea9f00dcd2616e) Importer(815301076,1909f56bfc062723c751e8b465ee728b)  -> (artifact id: '5e6406fab1e0fbaa8b1c7becdafc8d05') in 0.063854 seconds 
========================================================================
Received Import Request.
  Time since last request: 0.000023 seconds.
  path: Assets/UI/game_title.png
  artifactKey: Guid(ed67e4eaac8e3d243a9877c5ab19d005) Importer(815301076,1909f56bfc062723c751e8b465ee728b)
Start importing Assets/UI/game_title.png using Guid(ed67e4eaac8e3d243a9877c5ab19d005) Importer(815301076,1909f56bfc062723c751e8b465ee728b)  -> (artifact id: '3f041a79c7e7988fdb07366f2feb1a59') in 0.056428 seconds 
========================================================================
Received Import Request.
  Time since last request: 0.000048 seconds.
  path: Assets/UI/start_up_01.png
  artifactKey: Guid(5b8d4268b13317f4cbe77bc47e9a93b3) Importer(815301076,1909f56bfc062723c751e8b465ee728b)
Start importing Assets/UI/start_up_01.png using Guid(5b8d4268b13317f4cbe77bc47e9a93b3) Importer(815301076,1909f56bfc062723c751e8b465ee728b)  -> (artifact id: '7d156793070fd5aeef9830ced454dee6') in 0.039887 seconds 
========================================================================
Received Import Request.
  Time since last request: 0.000026 seconds.
  path: Assets/UI/register.jpg
  artifactKey: Guid(0836ec844dd66ad42a89fea9bd7eaaa7) Importer(815301076,1909f56bfc062723c751e8b465ee728b)
Start importing Assets/UI/register.jpg using Guid(0836ec844dd66ad42a89fea9bd7eaaa7) Importer(815301076,1909f56bfc062723c751e8b465ee728b)  -> (artifact id: 'e6b2844eb5452fa24fc9d1546d95a00e') in 0.365111 seconds 
========================================================================
Received Import Request.
  Time since last request: 0.000046 seconds.
  path: Assets/UI/loading.jpg
  artifactKey: Guid(789c8338547b5cc4b90522c58bf7bd56) Importer(815301076,1909f56bfc062723c751e8b465ee728b)
Start importing Assets/UI/loading.jpg using Guid(789c8338547b5cc4b90522c58bf7bd56) Importer(815301076,1909f56bfc062723c751e8b465ee728b)  -> (artifact id: 'f1025b6daf4d13c2618bf12986f5a7a6') in 0.261256 seconds 
========================================================================
Received Import Request.
  Time since last request: 0.000099 seconds.
  path: Assets/UI/loading_bar.png
  artifactKey: Guid(b86189bb0df372346990cc3763366b23) Importer(815301076,1909f56bfc062723c751e8b465ee728b)
Start importing Assets/UI/loading_bar.png using Guid(b86189bb0df372346990cc3763366b23) Importer(815301076,1909f56bfc062723c751e8b465ee728b)  -> (artifact id: '62a69168f873e0c26d4a13e8063af617') in 0.031364 seconds 
========================================================================
Received Import Request.
  Time since last request: 374.697166 seconds.
  path: Assets/Levels/MainCity/Lightmap-0_comp_light.exr
  artifactKey: Guid(7e3c7ceb80427064a8e3d04c6bc3ab4e) Importer(815301076,1909f56bfc062723c751e8b465ee728b)
Start importing Assets/Levels/MainCity/Lightmap-0_comp_light.exr using Guid(7e3c7ceb80427064a8e3d04c6bc3ab4e) Importer(815301076,1909f56bfc062723c751e8b465ee728b)  -> (artifact id: '0da9e5338c935e53ebb605ae8184f34b') in 0.062618 seconds 
========================================================================
Received Import Request.
  Time since last request: 45.404700 seconds.
  path: Assets/Levels/MainCity/Prefabs/player.prefab
  artifactKey: Guid(0d3ecc72d9e7cb240b4e70aa5c460a3c) Importer(815301076,1909f56bfc062723c751e8b465ee728b)
Start importing Assets/Levels/MainCity/Prefabs/player.prefab using Guid(0d3ecc72d9e7cb240b4e70aa5c460a3c) Importer(815301076,1909f56bfc062723c751e8b465ee728b)  -> (artifact id: '70a0d17cdd27a86a4754b466dc3e76f1') in 0.129630 seconds 
========================================================================
Received Import Request.
  Time since last request: 7.205742 seconds.
  path: Assets/Levels/MainCity/Textures/I1_Ground_Road.(Texture).png
  artifactKey: Guid(a8dca634eea659d4a83f58410257ab24) Importer(815301076,1909f56bfc062723c751e8b465ee728b)
Start importing Assets/Levels/MainCity/Textures/I1_Ground_Road.(Texture).png using Guid(a8dca634eea659d4a83f58410257ab24) Importer(815301076,1909f56bfc062723c751e8b465ee728b)  -> (artifact id: '60d9f10acb21d765b192286ca10454b8') in 0.018482 seconds 
========================================================================
Received Import Request.
  Time since last request: 0.000022 seconds.
  path: Assets/Levels/MainCity/Textures/zdcj_nsd01_shui_01.tga
  artifactKey: Guid(fa2725bbc5b87e641bffc91ca19e506f) Importer(815301076,1909f56bfc062723c751e8b465ee728b)
Start importing Assets/Levels/MainCity/Textures/zdcj_nsd01_shui_01.tga using Guid(fa2725bbc5b87e641bffc91ca19e506f) Importer(815301076,1909f56bfc062723c751e8b465ee728b)  -> (artifact id: 'b07687e0da3ad5b3691da4b9c3281164') in 0.033020 seconds 
========================================================================
Received Import Request.
  Time since last request: 0.000028 seconds.
  path: Assets/Levels/MainCity/Textures/land_01.png
  artifactKey: Guid(681892b7efa59664c9fcb8fda7446b56) Importer(815301076,1909f56bfc062723c751e8b465ee728b)
Start importing Assets/Levels/MainCity/Textures/land_01.png using Guid(681892b7efa59664c9fcb8fda7446b56) Importer(815301076,1909f56bfc062723c751e8b465ee728b)  -> (artifact id: 'fc7a07efb7f8da52ab56f1811be4e67c') in 0.021500 seconds 
========================================================================
Received Import Request.
  Time since last request: 0.000060 seconds.
  path: Assets/Levels/MainCity/Textures/terrain_yewai_shitou_jiemian_02.png
  artifactKey: Guid(d79e27879be36a940a6c2d547e8ff47f) Importer(815301076,1909f56bfc062723c751e8b465ee728b)
Start importing Assets/Levels/MainCity/Textures/terrain_yewai_shitou_jiemian_02.png using Guid(d79e27879be36a940a6c2d547e8ff47f) Importer(815301076,1909f56bfc062723c751e8b465ee728b)  -> (artifact id: 'e6e0c21946eb95ec74222fa12a7644e8') in 0.022256 seconds 
========================================================================
Received Import Request.
  Time since last request: 0.588881 seconds.
  path: Assets/Levels/Map02/Lightmap-0_comp_dir.png
  artifactKey: Guid(fbb3687102bf8294aa618b9555e6cfe2) Importer(815301076,1909f56bfc062723c751e8b465ee728b)
Start importing Assets/Levels/Map02/Lightmap-0_comp_dir.png using Guid(fbb3687102bf8294aa618b9555e6cfe2) Importer(815301076,1909f56bfc062723c751e8b465ee728b)  -> (artifact id: '75b94538679bf3b674571196452580a6') in 0.018531 seconds 
========================================================================
Received Import Request.
  Time since last request: 0.000024 seconds.
  path: Assets/Levels/Map02/Lightmap-0_comp_light.exr
  artifactKey: Guid(e49e2e23caa2bd04584bc070f2d7b473) Importer(815301076,1909f56bfc062723c751e8b465ee728b)
Start importing Assets/Levels/Map02/Lightmap-0_comp_light.exr using Guid(e49e2e23caa2bd04584bc070f2d7b473) Importer(815301076,1909f56bfc062723c751e8b465ee728b)  -> (artifact id: 'fceb46b6ce252c87f90117fb48b7deb3') in 0.023858 seconds 
========================================================================
Received Import Request.
  Time since last request: 467.617568 seconds.
  path: Assets/UI/Icons/icon_info.png
  artifactKey: Guid(8827d604567c5774dae1bd4d5e8b6894) Importer(815301076,1909f56bfc062723c751e8b465ee728b)
Start importing Assets/UI/Icons/icon_info.png using Guid(8827d604567c5774dae1bd4d5e8b6894) Importer(815301076,1909f56bfc062723c751e8b465ee728b)  -> (artifact id: '6e8854a3431efeab0d10428da0e66409') in 0.035119 seconds 
========================================================================
Received Import Request.
  Time since last request: 0.000024 seconds.
  path: Assets/UI/Icons/icon_question.png
  artifactKey: Guid(455387e496e9d0d479c562f75f595ffd) Importer(815301076,1909f56bfc062723c751e8b465ee728b)
Start importing Assets/UI/Icons/icon_question.png using Guid(455387e496e9d0d479c562f75f595ffd) Importer(815301076,1909f56bfc062723c751e8b465ee728b)  -> (artifact id: '8feb48cb67e8c2c3c6a619a0af405ef8') in 0.022836 seconds 
========================================================================
Received Import Request.
  Time since last request: 1.810099 seconds.
  path: Assets/UI/Fonts/SIMYOU.TTF
  artifactKey: Guid(721c2ca643ff25e41ac39cd48714f38e) Importer(815301076,1909f56bfc062723c751e8b465ee728b)
Start importing Assets/UI/Fonts/SIMYOU.TTF using Guid(721c2ca643ff25e41ac39cd48714f38e) Importer(815301076,1909f56bfc062723c751e8b465ee728b)  -> (artifact id: 'c99666b7c1549c998d7c09456a39a3b3') in 0.073329 seconds 
========================================================================
Received Import Request.
  Time since last request: 373.334939 seconds.
  path: Assets/Levels/Map03/Lightmap-0_comp_light.exr
  artifactKey: Guid(c49ffd42319029449b37829925875008) Importer(815301076,1909f56bfc062723c751e8b465ee728b)
Start importing Assets/Levels/Map03/Lightmap-0_comp_light.exr using Guid(c49ffd42319029449b37829925875008) Importer(815301076,1909f56bfc062723c751e8b465ee728b)  -> (artifact id: 'f78d62bc7c3047e8f170554abc5de342') in 0.081113 seconds 
========================================================================
Received Import Request.
  Time since last request: 581.631355 seconds.
  path: Assets/Models/Characters/Archer/fbx/Archer_AtkB.FBX
  artifactKey: Guid(d4e6347bb2ee0d443b5d4cd75b2468ca) Importer(815301076,1909f56bfc062723c751e8b465ee728b)
Start importing Assets/Models/Characters/Archer/fbx/Archer_AtkB.FBX using Guid(d4e6347bb2ee0d443b5d4cd75b2468ca) Importer(815301076,1909f56bfc062723c751e8b465ee728b)  -> (artifact id: '7ff5ea154a75affd4e043048c389fdde') in 0.092179 seconds 
========================================================================
Received Import Request.
  Time since last request: 0.000084 seconds.
  path: Assets/Models/Characters/Archer/fbx/Archer_Move_Forward.FBX
  artifactKey: Guid(0fa17e0cbee51174abfeef1d7f82a210) Importer(815301076,1909f56bfc062723c751e8b465ee728b)
Start importing Assets/Models/Characters/Archer/fbx/Archer_Move_Forward.FBX using Guid(0fa17e0cbee51174abfeef1d7f82a210) Importer(815301076,1909f56bfc062723c751e8b465ee728b)  -> (artifact id: 'b55f58382bb8ca7b88ff5d1fde2ef56a') in 0.024050 seconds 
========================================================================
Received Import Request.
  Time since last request: 0.000049 seconds.
  path: Assets/Models/Characters/Archer/fbx/Archer_Jump.FBX
  artifactKey: Guid(c9dcd688364bcae49a4013c200a1f114) Importer(815301076,1909f56bfc062723c751e8b465ee728b)
Start importing Assets/Models/Characters/Archer/fbx/Archer_Jump.FBX using Guid(c9dcd688364bcae49a4013c200a1f114) Importer(815301076,1909f56bfc062723c751e8b465ee728b)  -> (artifact id: '38cc8f5a1b361943caf6c4796c4af33d') in 0.021097 seconds 
========================================================================
Received Import Request.
  Time since last request: 0.000031 seconds.
  path: Assets/Models/Characters/Archer/fbx/Archer_Move_Left.FBX
  artifactKey: Guid(12d9ecc3e1707fa46ac4968d96c95652) Importer(815301076,1909f56bfc062723c751e8b465ee728b)
Start importing Assets/Models/Characters/Archer/fbx/Archer_Move_Left.FBX using Guid(12d9ecc3e1707fa46ac4968d96c95652) Importer(815301076,1909f56bfc062723c751e8b465ee728b)  -> (artifact id: '5217aea1c626e3e7ead26edaeab0173e') in 0.020001 seconds 
========================================================================
Received Import Request.
  Time since last request: 0.000051 seconds.
  path: Assets/Models/Characters/Archer/fbx/Archer_Move_Right.FBX
  artifactKey: Guid(bef131c36ae20dd4bb49b65680e0512e) Importer(815301076,1909f56bfc062723c751e8b465ee728b)
Start importing Assets/Models/Characters/Archer/fbx/Archer_Move_Right.FBX using Guid(bef131c36ae20dd4bb49b65680e0512e) Importer(815301076,1909f56bfc062723c751e8b465ee728b)  -> (artifact id: 'ee3bce043733d6fa4b1b1a6d27edb069') in 0.021892 seconds 
========================================================================
Received Import Request.
  Time since last request: 9.040033 seconds.
  path: Assets/Models/Characters/Archer/tga/uv.png
  artifactKey: Guid(f82121323b787d0429dfd195e31f3545) Importer(815301076,1909f56bfc062723c751e8b465ee728b)
Start importing Assets/Models/Characters/Archer/tga/uv.png using Guid(f82121323b787d0429dfd195e31f3545) Importer(815301076,1909f56bfc062723c751e8b465ee728b)  -> (artifact id: 'de1d987e005954c49146213234539cd1') in 0.028886 seconds 
========================================================================
Received Import Request.
  Time since last request: 354.626969 seconds.
  path: Assets/Levels/MainCity/Models/texture/44614a76.dds
  artifactKey: Guid(2579b66953dfd2843b9f72555e2cdc69) Importer(815301076,1909f56bfc062723c751e8b465ee728b)
Start importing Assets/Levels/MainCity/Models/texture/44614a76.dds using Guid(2579b66953dfd2843b9f72555e2cdc69) Importer(815301076,1909f56bfc062723c751e8b465ee728b)  -> (artifact id: '10a7434ce05edb42c5ef2d85dce0b5cb') in 0.057495 seconds 
